
> fair-swap@0.1.0 index:start /Users/sanse/Code/github.com/SanseDev/fair-swap
> tsx backend-src/indexer/index.ts

✓ Loaded IDL from: /Users/sanse/Code/github.com/SanseDev/fair-swap/target/idl/fair_swap.json
🚀 Starting FairSwap Indexer...
   Program ID: DMpk34ArT3Z8nXtZgQXftWhKNq5MAkMcieEFnUQW7oCU
   RPC URL: https://api.devnet.solana.com
   Last processed slot: 428065143
📥 Processing 1 new transactions...
✓ Indexed offer creation: 1765659820919480
✓ Processed up to slot: 428065480
Error in polling loop: TypeError: fetch failed
    at node:internal/deps/undici/undici:15845:13
    at async ClientBrowser.callServer (/Users/sanse/Code/github.com/SanseDev/fair-swap/node_modules/.pnpm/@solana+web3.js@1.98.4_bufferutil@4.0.9_typescript@5.9.3_utf-8-validate@5.0.10/node_modules/@solana/web3.js/src/connection.ts:1679:17) {
  [cause]: Error: read EHOSTUNREACH
      at TLSWrap.onStreamRead (node:internal/stream_base_commons:216:20) {
    errno: -65,
    code: 'EHOSTUNREACH',
    syscall: 'read'
  }
}
Error in polling loop: TypeError: fetch failed
    at node:internal/deps/undici/undici:15845:13
    at async ClientBrowser.callServer (/Users/sanse/Code/github.com/SanseDev/fair-swap/node_modules/.pnpm/@solana+web3.js@1.98.4_bufferutil@4.0.9_typescript@5.9.3_utf-8-validate@5.0.10/node_modules/@solana/web3.js/src/connection.ts:1679:17) {
  [cause]: Error: read ECONNRESET
      at TLSWrap.onStreamRead (node:internal/stream_base_commons:216:20) {
    errno: -54,
    code: 'ECONNRESET',
    syscall: 'read'
  }
}
Error in polling loop: TypeError: fetch failed
    at node:internal/deps/undici/undici:15845:13
    at async ClientBrowser.callServer (/Users/sanse/Code/github.com/SanseDev/fair-swap/node_modules/.pnpm/@solana+web3.js@1.98.4_bufferutil@4.0.9_typescript@5.9.3_utf-8-validate@5.0.10/node_modules/@solana/web3.js/src/connection.ts:1679:17) {
  [cause]: Error: read ECONNRESET
      at TLSWrap.onStreamRead (node:internal/stream_base_commons:216:20) {
    errno: -54,
    code: 'ECONNRESET',
    syscall: 'read'
  }
}
Error in polling loop: TypeError: fetch failed
    at node:internal/deps/undici/undici:15845:13
    at async ClientBrowser.callServer (/Users/sanse/Code/github.com/SanseDev/fair-swap/node_modules/.pnpm/@solana+web3.js@1.98.4_bufferutil@4.0.9_typescript@5.9.3_utf-8-validate@5.0.10/node_modules/@solana/web3.js/src/connection.ts:1679:17) {
  [cause]: Error: read ECONNRESET
      at TLSWrap.onStreamRead (node:internal/stream_base_commons:216:20) {
    errno: -54,
    code: 'ECONNRESET',
    syscall: 'read'
  }
}
Error in polling loop: TypeError: fetch failed
    at node:internal/deps/undici/undici:15845:13
    at process.processTicksAndRejections (node:internal/process/task_queues:105:5)
    at async ClientBrowser.callServer (/Users/sanse/Code/github.com/SanseDev/fair-swap/node_modules/.pnpm/@solana+web3.js@1.98.4_bufferutil@4.0.9_typescript@5.9.3_utf-8-validate@5.0.10/node_modules/@solana/web3.js/src/connection.ts:1679:17) {
  [cause]: Error: read ECONNRESET
      at TLSWrap.onStreamRead (node:internal/stream_base_commons:216:20) {
    errno: -54,
    code: 'ECONNRESET',
    syscall: 'read'
  }
}
Error in polling loop: TypeError: fetch failed
    at node:internal/deps/undici/undici:15845:13
    at async ClientBrowser.callServer (/Users/sanse/Code/github.com/SanseDev/fair-swap/node_modules/.pnpm/@solana+web3.js@1.98.4_bufferutil@4.0.9_typescript@5.9.3_utf-8-validate@5.0.10/node_modules/@solana/web3.js/src/connection.ts:1679:17) {
  [cause]: Error: read ECONNRESET
      at TLSWrap.onStreamRead (node:internal/stream_base_commons:216:20) {
    errno: -54,
    code: 'ECONNRESET',
    syscall: 'read'
  }
}
Error in polling loop: TypeError: fetch failed
    at node:internal/deps/undici/undici:15845:13
    at async ClientBrowser.callServer (/Users/sanse/Code/github.com/SanseDev/fair-swap/node_modules/.pnpm/@solana+web3.js@1.98.4_bufferutil@4.0.9_typescript@5.9.3_utf-8-validate@5.0.10/node_modules/@solana/web3.js/src/connection.ts:1679:17) {
  [cause]: Error: read ECONNRESET
      at TLSWrap.onStreamRead (node:internal/stream_base_commons:216:20) {
    errno: -54,
    code: 'ECONNRESET',
    syscall: 'read'
  }
}
📥 Processing 1 new transactions...
✓ Indexed swap execution: 1765659820919480
✓ Processed up to slot: 428203976
